[2025-11-15 00:12:43,934] INFO [GroupCoordinator 1]: Preparing to rebalance group entrance-cockpit in state PreparingRebalance with old generation 23 (__consumer_offsets-46) (reason: Removing member consumer-entrance-cockpit-2-4b43a3e8-dd10-4d4b-99ab-28e2df7f7ba3 on LeaveGroup; client reason: the consumer unsubscribed from all topics) (kafka.coordinator.group.GroupCoordinator)
[2025-11-15 00:12:43,991] INFO [GroupCoordinator 1]: Member MemberMetadata(memberId=consumer-entrance-cockpit-2-4b43a3e8-dd10-4d4b-99ab-28e2df7f7ba3, groupInstanceId=None, clientId=consumer-entrance-cockpit-2, clientHost=/127.0.0.1, sessionTimeoutMs=45000, rebalanceTimeoutMs=300000, supportedProtocols=List(range, cooperative-sticky)) has left group entrance-cockpit through explicit `LeaveGroup`; client reason: the consumer unsubscribed from all topics (kafka.coordinator.group.GroupCoordinator)
[2025-11-15 00:12:43,996] INFO [GroupCoordinator 1]: Group entrance-cockpit with generation 24 is now empty (__consumer_offsets-46) (kafka.coordinator.group.GroupCoordinator)
[2025-11-15 00:12:44,002] INFO [GroupCoordinator 1]: Member MemberMetadata(memberId=consumer-entrance-cockpit-1-2d60d3ea-78a2-466a-9096-b2bf38382bbd, groupInstanceId=None, clientId=consumer-entrance-cockpit-1, clientHost=/127.0.0.1, sessionTimeoutMs=45000, rebalanceTimeoutMs=300000, supportedProtocols=List(range, cooperative-sticky)) has left group entrance-cockpit through explicit `LeaveGroup`; client reason: the consumer unsubscribed from all topics (kafka.coordinator.group.GroupCoordinator)
[2025-11-15 00:13:12,205] INFO [GroupCoordinator 1]: Dynamic member with unknown member id joins group entrance-cockpit in Empty state. Created a new member id consumer-entrance-cockpit-2-b6913a52-1fc1-4546-9815-158f8391d297 and request the member to rejoin with this id. (kafka.coordinator.group.GroupCoordinator)
[2025-11-15 00:13:12,207] INFO [GroupCoordinator 1]: Dynamic member with unknown member id joins group entrance-cockpit in Empty state. Created a new member id consumer-entrance-cockpit-1-4928f8cb-5438-4047-87b1-c5817d8127ae and request the member to rejoin with this id. (kafka.coordinator.group.GroupCoordinator)
[2025-11-15 00:13:12,219] INFO [GroupCoordinator 1]: Preparing to rebalance group entrance-cockpit in state PreparingRebalance with old generation 24 (__consumer_offsets-46) (reason: Adding new member consumer-entrance-cockpit-2-b6913a52-1fc1-4546-9815-158f8391d297 with group instance id None; client reason: need to re-join with the given member-id: consumer-entrance-cockpit-2-b6913a52-1fc1-4546-9815-158f8391d297) (kafka.coordinator.group.GroupCoordinator)
[2025-11-15 00:13:15,239] INFO [GroupCoordinator 1]: Stabilized group entrance-cockpit generation 25 (__consumer_offsets-46) with 2 members (kafka.coordinator.group.GroupCoordinator)
[2025-11-15 00:13:15,285] INFO [GroupCoordinator 1]: Assignment received from leader consumer-entrance-cockpit-2-b6913a52-1fc1-4546-9815-158f8391d297 for group entrance-cockpit for generation 25. The group has 2 members, 0 of which are static. (kafka.coordinator.group.GroupCoordinator)
[2025-11-15 00:26:42,489] INFO [SnapshotGenerator id=1] Creating new KRaft snapshot file snapshot 00000000000000046634-0000000006 because we have waited at least 60 minute(s). (org.apache.kafka.image.publisher.SnapshotGenerator)
[2025-11-15 00:26:42,637] INFO [SnapshotEmitter id=1] Successfully wrote snapshot 00000000000000046634-0000000006 (org.apache.kafka.image.publisher.SnapshotEmitter)
[2025-11-15 00:30:49,986] INFO [GroupCoordinator 1]: Preparing to rebalance group entrance-cockpit in state PreparingRebalance with old generation 25 (__consumer_offsets-46) (reason: Removing member consumer-entrance-cockpit-2-b6913a52-1fc1-4546-9815-158f8391d297 on LeaveGroup; client reason: the consumer unsubscribed from all topics) (kafka.coordinator.group.GroupCoordinator)
[2025-11-15 00:30:50,000] INFO [GroupCoordinator 1]: Member MemberMetadata(memberId=consumer-entrance-cockpit-2-b6913a52-1fc1-4546-9815-158f8391d297, groupInstanceId=None, clientId=consumer-entrance-cockpit-2, clientHost=/127.0.0.1, sessionTimeoutMs=45000, rebalanceTimeoutMs=300000, supportedProtocols=List(range, cooperative-sticky)) has left group entrance-cockpit through explicit `LeaveGroup`; client reason: the consumer unsubscribed from all topics (kafka.coordinator.group.GroupCoordinator)
[2025-11-15 00:30:50,005] INFO [GroupCoordinator 1]: Group entrance-cockpit with generation 26 is now empty (__consumer_offsets-46) (kafka.coordinator.group.GroupCoordinator)
[2025-11-15 00:30:50,008] INFO [GroupCoordinator 1]: Member MemberMetadata(memberId=consumer-entrance-cockpit-1-4928f8cb-5438-4047-87b1-c5817d8127ae, groupInstanceId=None, clientId=consumer-entrance-cockpit-1, clientHost=/127.0.0.1, sessionTimeoutMs=45000, rebalanceTimeoutMs=300000, supportedProtocols=List(range, cooperative-sticky)) has left group entrance-cockpit through explicit `LeaveGroup`; client reason: the consumer unsubscribed from all topics (kafka.coordinator.group.GroupCoordinator)
[2025-11-15 00:31:12,645] INFO [GroupCoordinator 1]: Dynamic member with unknown member id joins group entrance-cockpit in Empty state. Created a new member id consumer-entrance-cockpit-1-d8378381-179e-4e01-9934-571c54c573be and request the member to rejoin with this id. (kafka.coordinator.group.GroupCoordinator)
[2025-11-15 00:31:12,647] INFO [GroupCoordinator 1]: Dynamic member with unknown member id joins group entrance-cockpit in Empty state. Created a new member id consumer-entrance-cockpit-2-422c7f54-606a-476b-897e-fab17e688784 and request the member to rejoin with this id. (kafka.coordinator.group.GroupCoordinator)
[2025-11-15 00:31:12,654] INFO [GroupCoordinator 1]: Preparing to rebalance group entrance-cockpit in state PreparingRebalance with old generation 26 (__consumer_offsets-46) (reason: Adding new member consumer-entrance-cockpit-1-d8378381-179e-4e01-9934-571c54c573be with group instance id None; client reason: need to re-join with the given member-id: consumer-entrance-cockpit-1-d8378381-179e-4e01-9934-571c54c573be) (kafka.coordinator.group.GroupCoordinator)
[2025-11-15 00:31:15,677] INFO [GroupCoordinator 1]: Stabilized group entrance-cockpit generation 27 (__consumer_offsets-46) with 2 members (kafka.coordinator.group.GroupCoordinator)
[2025-11-15 00:31:15,721] INFO [GroupCoordinator 1]: Assignment received from leader consumer-entrance-cockpit-1-d8378381-179e-4e01-9934-571c54c573be for group entrance-cockpit for generation 27. The group has 2 members, 0 of which are static. (kafka.coordinator.group.GroupCoordinator)
[2025-11-15 00:35:33,278] INFO [GroupCoordinator 1]: Preparing to rebalance group entrance-cockpit in state PreparingRebalance with old generation 27 (__consumer_offsets-46) (reason: Removing member consumer-entrance-cockpit-1-d8378381-179e-4e01-9934-571c54c573be on LeaveGroup; client reason: the consumer unsubscribed from all topics) (kafka.coordinator.group.GroupCoordinator)
[2025-11-15 00:35:33,279] INFO [GroupCoordinator 1]: Member MemberMetadata(memberId=consumer-entrance-cockpit-1-d8378381-179e-4e01-9934-571c54c573be, groupInstanceId=None, clientId=consumer-entrance-cockpit-1, clientHost=/127.0.0.1, sessionTimeoutMs=45000, rebalanceTimeoutMs=300000, supportedProtocols=List(range, cooperative-sticky)) has left group entrance-cockpit through explicit `LeaveGroup`; client reason: the consumer unsubscribed from all topics (kafka.coordinator.group.GroupCoordinator)
[2025-11-15 00:35:33,282] INFO [GroupCoordinator 1]: Group entrance-cockpit with generation 28 is now empty (__consumer_offsets-46) (kafka.coordinator.group.GroupCoordinator)
[2025-11-15 00:35:33,285] INFO [GroupCoordinator 1]: Member MemberMetadata(memberId=consumer-entrance-cockpit-2-422c7f54-606a-476b-897e-fab17e688784, groupInstanceId=None, clientId=consumer-entrance-cockpit-2, clientHost=/127.0.0.1, sessionTimeoutMs=45000, rebalanceTimeoutMs=300000, supportedProtocols=List(range, cooperative-sticky)) has left group entrance-cockpit through explicit `LeaveGroup`; client reason: the consumer unsubscribed from all topics (kafka.coordinator.group.GroupCoordinator)
[2025-11-15 00:35:59,096] INFO [GroupCoordinator 1]: Dynamic member with unknown member id joins group entrance-cockpit in Empty state. Created a new member id consumer-entrance-cockpit-2-41b5c7d9-2580-40f7-8037-26aa5b45dd05 and request the member to rejoin with this id. (kafka.coordinator.group.GroupCoordinator)
[2025-11-15 00:35:59,097] INFO [GroupCoordinator 1]: Dynamic member with unknown member id joins group entrance-cockpit in Empty state. Created a new member id consumer-entrance-cockpit-1-909145df-2348-4711-a626-f249fbf14d1a and request the member to rejoin with this id. (kafka.coordinator.group.GroupCoordinator)
[2025-11-15 00:35:59,101] INFO [GroupCoordinator 1]: Preparing to rebalance group entrance-cockpit in state PreparingRebalance with old generation 28 (__consumer_offsets-46) (reason: Adding new member consumer-entrance-cockpit-2-41b5c7d9-2580-40f7-8037-26aa5b45dd05 with group instance id None; client reason: need to re-join with the given member-id: consumer-entrance-cockpit-2-41b5c7d9-2580-40f7-8037-26aa5b45dd05) (kafka.coordinator.group.GroupCoordinator)
[2025-11-15 00:36:02,103] INFO [GroupCoordinator 1]: Stabilized group entrance-cockpit generation 29 (__consumer_offsets-46) with 2 members (kafka.coordinator.group.GroupCoordinator)
[2025-11-15 00:36:02,152] INFO [GroupCoordinator 1]: Assignment received from leader consumer-entrance-cockpit-2-41b5c7d9-2580-40f7-8037-26aa5b45dd05 for group entrance-cockpit for generation 29. The group has 2 members, 0 of which are static. (kafka.coordinator.group.GroupCoordinator)
[2025-11-15 00:58:42,867] INFO [GroupCoordinator 1]: Preparing to rebalance group entrance-cockpit in state PreparingRebalance with old generation 29 (__consumer_offsets-46) (reason: Removing member consumer-entrance-cockpit-2-41b5c7d9-2580-40f7-8037-26aa5b45dd05 on LeaveGroup; client reason: the consumer unsubscribed from all topics) (kafka.coordinator.group.GroupCoordinator)
[2025-11-15 00:58:42,903] INFO [GroupCoordinator 1]: Member MemberMetadata(memberId=consumer-entrance-cockpit-2-41b5c7d9-2580-40f7-8037-26aa5b45dd05, groupInstanceId=None, clientId=consumer-entrance-cockpit-2, clientHost=/127.0.0.1, sessionTimeoutMs=45000, rebalanceTimeoutMs=300000, supportedProtocols=List(range, cooperative-sticky)) has left group entrance-cockpit through explicit `LeaveGroup`; client reason: the consumer unsubscribed from all topics (kafka.coordinator.group.GroupCoordinator)
[2025-11-15 00:58:42,912] INFO [GroupCoordinator 1]: Group entrance-cockpit with generation 30 is now empty (__consumer_offsets-46) (kafka.coordinator.group.GroupCoordinator)
[2025-11-15 00:58:42,920] INFO [GroupCoordinator 1]: Member MemberMetadata(memberId=consumer-entrance-cockpit-1-909145df-2348-4711-a626-f249fbf14d1a, groupInstanceId=None, clientId=consumer-entrance-cockpit-1, clientHost=/127.0.0.1, sessionTimeoutMs=45000, rebalanceTimeoutMs=300000, supportedProtocols=List(range, cooperative-sticky)) has left group entrance-cockpit through explicit `LeaveGroup`; client reason: the consumer unsubscribed from all topics (kafka.coordinator.group.GroupCoordinator)
[2025-11-15 00:58:45,396] INFO Terminating process due to signal SIGINT (org.apache.kafka.common.utils.LoggingSignalHandler)
[2025-11-15 00:58:45,530] INFO [BrokerServer id=1] Transition from STARTED to SHUTTING_DOWN (kafka.server.BrokerServer)
[2025-11-15 00:58:45,535] INFO [BrokerServer id=1] shutting down (kafka.server.BrokerServer)
[2025-11-15 00:58:45,605] INFO [BrokerLifecycleManager id=1] Beginning controlled shutdown. (kafka.server.BrokerLifecycleManager)
[2025-11-15 00:58:45,729] INFO [BrokerLifecycleManager id=1] The broker is in PENDING_CONTROLLED_SHUTDOWN state, still waiting for the active controller. (kafka.server.BrokerLifecycleManager)
[2025-11-15 00:58:45,837] INFO [BrokerLifecycleManager id=1] The controller has asked us to exit controlled shutdown. (kafka.server.BrokerLifecycleManager)
[2025-11-15 00:58:45,851] INFO [BrokerLifecycleManager id=1] beginShutdown: shutting down event queue. (org.apache.kafka.queue.KafkaEventQueue)
[2025-11-15 00:58:45,862] INFO [BrokerLifecycleManager id=1] Transitioning from PENDING_CONTROLLED_SHUTDOWN to SHUTTING_DOWN. (kafka.server.BrokerLifecycleManager)
[2025-11-15 00:58:45,872] INFO [broker-1-to-controller-heartbeat-channel-manager]: Shutting down (kafka.server.NodeToControllerRequestThread)
[2025-11-15 00:58:45,884] INFO [broker-1-to-controller-heartbeat-channel-manager]: Stopped (kafka.server.NodeToControllerRequestThread)
[2025-11-15 00:58:45,884] INFO [broker-1-to-controller-heartbeat-channel-manager]: Shutdown completed (kafka.server.NodeToControllerRequestThread)
[2025-11-15 00:58:45,931] INFO [ReplicaFetcherManager on broker 1] Removed fetcher for partitions Set(__consumer_offsets-22, __consumer_offsets-30, __consumer_offsets-8, attempt_logs-0, __consumer_offsets-21, __consumer_offsets-4, __consumer_offsets-27, __consumer_offsets-7, __consumer_offsets-9, __consumer_offsets-46, __consumer_offsets-25, __consumer_offsets-35, __consumer_offsets-41, __consumer_offsets-33, __consumer_offsets-23, __consumer_offsets-49, __consumer_offsets-47, __consumer_offsets-16, __consumer_offsets-28, __consumer_offsets-31, __consumer_offsets-36, __consumer_offsets-42, __consumer_offsets-3, __consumer_offsets-18, __consumer_offsets-37, entrance_logs-0, __consumer_offsets-15, __consumer_offsets-24, __consumer_offsets-38, __consumer_offsets-17, attempts_logs-0, __consumer_offsets-48, __consumer_offsets-19, __consumer_offsets-11, __consumer_offsets-13, __consumer_offsets-2, __consumer_offsets-43, __consumer_offsets-6, __consumer_offsets-14, __consumer_offsets-20, __consumer_offsets-0, __consumer_offsets-44, __consumer_offsets-39, __consumer_offsets-12, __consumer_offsets-45, __consumer_offsets-1, __consumer_offsets-5, __consumer_offsets-26, __consumer_offsets-29, __consumer_offsets-34, __consumer_offsets-10, __consumer_offsets-32, __consumer_offsets-40) (kafka.server.ReplicaFetcherManager)
[2025-11-15 00:58:45,941] INFO [SocketServer listenerType=BROKER, nodeId=1] Stopping socket server request processors (kafka.network.SocketServer)
[2025-11-15 00:58:45,949] INFO [ReplicaAlterLogDirsManager on broker 1] Removed fetcher for partitions Set(__consumer_offsets-22, __consumer_offsets-30, __consumer_offsets-8, attempt_logs-0, __consumer_offsets-21, __consumer_offsets-4, __consumer_offsets-27, __consumer_offsets-7, __consumer_offsets-9, __consumer_offsets-46, __consumer_offsets-25, __consumer_offsets-35, __consumer_offsets-41, __consumer_offsets-33, __consumer_offsets-23, __consumer_offsets-49, __consumer_offsets-47, __consumer_offsets-16, __consumer_offsets-28, __consumer_offsets-31, __consumer_offsets-36, __consumer_offsets-42, __consumer_offsets-3, __consumer_offsets-18, __consumer_offsets-37, entrance_logs-0, __consumer_offsets-15, __consumer_offsets-24, __consumer_offsets-38, __consumer_offsets-17, attempts_logs-0, __consumer_offsets-48, __consumer_offsets-19, __consumer_offsets-11, __consumer_offsets-13, __consumer_offsets-2, __consumer_offsets-43, __consumer_offsets-6, __consumer_offsets-14, __consumer_offsets-20, __consumer_offsets-0, __consumer_offsets-44, __consumer_offsets-39, __consumer_offsets-12, __consumer_offsets-45, __consumer_offsets-1, __consumer_offsets-5, __consumer_offsets-26, __consumer_offsets-29, __consumer_offsets-34, __consumer_offsets-10, __consumer_offsets-32, __consumer_offsets-40) (kafka.server.ReplicaAlterLogDirsManager)
[2025-11-15 00:58:45,989] INFO Node to controller channel manager for heartbeat shutdown (kafka.server.NodeToControllerChannelManagerImpl)
[2025-11-15 00:58:46,182] INFO [GroupCoordinator 1]: Resigned as the group coordinator for partition 13 in epoch OptionalInt[11] (kafka.coordinator.group.GroupCoordinator)
[2025-11-15 00:58:46,183] INFO [GroupMetadataManager brokerId=1] Scheduling unloading of offsets and group metadata from __consumer_offsets-13 (kafka.coordinator.group.GroupMetadataManager)
[2025-11-15 00:58:46,185] INFO [GroupCoordinator 1]: Resigned as the group coordinator for partition 46 in epoch OptionalInt[11] (kafka.coordinator.group.GroupCoordinator)
[2025-11-15 00:58:46,185] INFO [GroupMetadataManager brokerId=1] Scheduling unloading of offsets and group metadata from __consumer_offsets-46 (kafka.coordinator.group.GroupMetadataManager)
[2025-11-15 00:58:46,186] INFO [GroupCoordinator 1]: Resigned as the group coordinator for partition 9 in epoch OptionalInt[11] (kafka.coordinator.group.GroupCoordinator)
[2025-11-15 00:58:46,186] INFO [GroupMetadataManager brokerId=1] Scheduling unloading of offsets and group metadata from __consumer_offsets-9 (kafka.coordinator.group.GroupMetadataManager)
[2025-11-15 00:58:46,187] INFO [GroupCoordinator 1]: Resigned as the group coordinator for partition 42 in epoch OptionalInt[11] (kafka.coordinator.group.GroupCoordinator)
[2025-11-15 00:58:46,187] INFO [GroupMetadataManager brokerId=1] Finished unloading __consumer_offsets-13 for coordinator epoch OptionalInt[11]. Removed 0 cached offsets and 0 cached groups. (kafka.coordinator.group.GroupMetadataManager)
[2025-11-15 00:58:46,187] INFO [GroupMetadataManager brokerId=1] Scheduling unloading of offsets and group metadata from __consumer_offsets-42 (kafka.coordinator.group.GroupMetadataManager)
[2025-11-15 00:58:46,188] INFO [GroupCoordinator 1]: Resigned as the group coordinator for partition 21 in epoch OptionalInt[11] (kafka.coordinator.group.GroupCoordinator)
[2025-11-15 00:58:46,189] INFO [GroupMetadataManager brokerId=1] Scheduling unloading of offsets and group metadata from __consumer_offsets-21 (kafka.coordinator.group.GroupMetadataManager)
[2025-11-15 00:58:46,189] INFO [GroupCoordinator 1]: Resigned as the group coordinator for partition 17 in epoch OptionalInt[11] (kafka.coordinator.group.GroupCoordinator)
[2025-11-15 00:58:46,189] INFO [GroupMetadataManager brokerId=1] Scheduling unloading of offsets and group metadata from __consumer_offsets-17 (kafka.coordinator.group.GroupMetadataManager)
[2025-11-15 00:58:46,190] INFO [GroupCoordinator 1]: Resigned as the group coordinator for partition 30 in epoch OptionalInt[11] (kafka.coordinator.group.GroupCoordinator)
[2025-11-15 00:58:46,191] INFO [GroupMetadataManager brokerId=1] Scheduling unloading of offsets and group metadata from __consumer_offsets-30 (kafka.coordinator.group.GroupMetadataManager)
[2025-11-15 00:58:46,191] INFO [GroupCoordinator 1]: Resigned as the group coordinator for partition 26 in epoch OptionalInt[11] (kafka.coordinator.group.GroupCoordinator)
[2025-11-15 00:58:46,192] INFO [GroupMetadataManager brokerId=1] Scheduling unloading of offsets and group metadata from __consumer_offsets-26 (kafka.coordinator.group.GroupMetadataManager)
[2025-11-15 00:58:46,192] INFO [GroupCoordinator 1]: Resigned as the group coordinator for partition 5 in epoch OptionalInt[11] (kafka.coordinator.group.GroupCoordinator)
[2025-11-15 00:58:46,193] INFO [GroupMetadataManager brokerId=1] Scheduling unloading of offsets and group metadata from __consumer_offsets-5 (kafka.coordinator.group.GroupMetadataManager)
[2025-11-15 00:58:46,193] INFO [GroupCoordinator 1]: Resigned as the group coordinator for partition 38 in epoch OptionalInt[11] (kafka.coordinator.group.GroupCoordinator)
[2025-11-15 00:58:46,194] INFO [GroupMetadataManager brokerId=1] Scheduling unloading of offsets and group metadata from __consumer_offsets-38 (kafka.coordinator.group.GroupMetadataManager)
[2025-11-15 00:58:46,194] INFO [GroupCoordinator 1]: Resigned as the group coordinator for partition 1 in epoch OptionalInt[11] (kafka.coordinator.group.GroupCoordinator)
[2025-11-15 00:58:46,194] INFO [GroupMetadataManager brokerId=1] Scheduling unloading of offsets and group metadata from __consumer_offsets-1 (kafka.coordinator.group.GroupMetadataManager)
[2025-11-15 00:58:46,195] INFO [GroupCoordinator 1]: Resigned as the group coordinator for partition 34 in epoch OptionalInt[11] (kafka.coordinator.group.GroupCoordinator)
[2025-11-15 00:58:46,195] INFO [GroupMetadataManager brokerId=1] Scheduling unloading of offsets and group metadata from __consumer_offsets-34 (kafka.coordinator.group.GroupMetadataManager)
[2025-11-15 00:58:46,195] INFO [GroupCoordinator 1]: Resigned as the group coordinator for partition 16 in epoch OptionalInt[11] (kafka.coordinator.group.GroupCoordinator)
[2025-11-15 00:58:46,196] INFO [GroupMetadataManager brokerId=1] Scheduling unloading of offsets and group metadata from __consumer_offsets-16 (kafka.coordinator.group.GroupMetadataManager)
[2025-11-15 00:58:46,196] INFO [GroupCoordinator 1]: Resigned as the group coordinator for partition 45 in epoch OptionalInt[11] (kafka.coordinator.group.GroupCoordinator)
[2025-11-15 00:58:46,197] INFO [GroupMetadataManager brokerId=1] Scheduling unloading of offsets and group metadata from __consumer_offsets-45 (kafka.coordinator.group.GroupMetadataManager)
[2025-11-15 00:58:46,197] INFO [GroupCoordinator 1]: Resigned as the group coordinator for partition 12 in epoch OptionalInt[11] (kafka.coordinator.group.GroupCoordinator)
[2025-11-15 00:58:46,199] INFO [GroupMetadataManager brokerId=1] Scheduling unloading of offsets and group metadata from __consumer_offsets-12 (kafka.coordinator.group.GroupMetadataManager)
[2025-11-15 00:58:46,199] INFO [GroupCoordinator 1]: Resigned as the group coordinator for partition 41 in epoch OptionalInt[11] (kafka.coordinator.group.GroupCoordinator)
[2025-11-15 00:58:46,200] INFO [GroupMetadataManager brokerId=1] Scheduling unloading of offsets and group metadata from __consumer_offsets-41 (kafka.coordinator.group.GroupMetadataManager)
[2025-11-15 00:58:46,200] INFO [GroupCoordinator 1]: Resigned as the group coordinator for partition 24 in epoch OptionalInt[11] (kafka.coordinator.group.GroupCoordinator)
[2025-11-15 00:58:46,201] INFO [GroupMetadataManager brokerId=1] Scheduling unloading of offsets and group metadata from __consumer_offsets-24 (kafka.coordinator.group.GroupMetadataManager)
[2025-11-15 00:58:46,201] INFO [GroupCoordinator 1]: Resigned as the group coordinator for partition 20 in epoch OptionalInt[11] (kafka.coordinator.group.GroupCoordinator)
[2025-11-15 00:58:46,201] INFO [GroupMetadataManager brokerId=1] Scheduling unloading of offsets and group metadata from __consumer_offsets-20 (kafka.coordinator.group.GroupMetadataManager)
[2025-11-15 00:58:46,202] INFO [GroupCoordinator 1]: Resigned as the group coordinator for partition 49 in epoch OptionalInt[11] (kafka.coordinator.group.GroupCoordinator)
[2025-11-15 00:58:46,202] INFO [GroupMetadataManager brokerId=1] Scheduling unloading of offsets and group metadata from __consumer_offsets-49 (kafka.coordinator.group.GroupMetadataManager)
[2025-11-15 00:58:46,202] INFO [GroupCoordinator 1]: Resigned as the group coordinator for partition 0 in epoch OptionalInt[11] (kafka.coordinator.group.GroupCoordinator)
[2025-11-15 00:58:46,203] INFO [GroupMetadataManager brokerId=1] Scheduling unloading of offsets and group metadata from __consumer_offsets-0 (kafka.coordinator.group.GroupMetadataManager)
[2025-11-15 00:58:46,203] INFO [GroupCoordinator 1]: Resigned as the group coordinator for partition 29 in epoch OptionalInt[11] (kafka.coordinator.group.GroupCoordinator)
[2025-11-15 00:58:46,204] INFO [GroupMetadataManager brokerId=1] Scheduling unloading of offsets and group metadata from __consumer_offsets-29 (kafka.coordinator.group.GroupMetadataManager)
[2025-11-15 00:58:46,205] INFO [GroupCoordinator 1]: Resigned as the group coordinator for partition 25 in epoch OptionalInt[11] (kafka.coordinator.group.GroupCoordinator)
[2025-11-15 00:58:46,205] INFO [GroupMetadataManager brokerId=1] Scheduling unloading of offsets and group metadata from __consumer_offsets-25 (kafka.coordinator.group.GroupMetadataManager)
[2025-11-15 00:58:46,207] INFO [GroupCoordinator 1]: Resigned as the group coordinator for partition 8 in epoch OptionalInt[11] (kafka.coordinator.group.GroupCoordinator)
[2025-11-15 00:58:46,208] INFO [GroupMetadataManager brokerId=1] Scheduling unloading of offsets and group metadata from __consumer_offsets-8 (kafka.coordinator.group.GroupMetadataManager)
[2025-11-15 00:58:46,208] INFO [GroupCoordinator 1]: Resigned as the group coordinator for partition 37 in epoch OptionalInt[11] (kafka.coordinator.group.GroupCoordinator)
[2025-11-15 00:58:46,209] INFO [GroupMetadataManager brokerId=1] Scheduling unloading of offsets and group metadata from __consumer_offsets-37 (kafka.coordinator.group.GroupMetadataManager)
[2025-11-15 00:58:46,210] INFO [GroupCoordinator 1]: Resigned as the group coordinator for partition 4 in epoch OptionalInt[11] (kafka.coordinator.group.GroupCoordinator)
[2025-11-15 00:58:46,213] INFO [GroupMetadataManager brokerId=1] Scheduling unloading of offsets and group metadata from __consumer_offsets-4 (kafka.coordinator.group.GroupMetadataManager)
[2025-11-15 00:58:46,263] INFO [GroupCoordinator 1]: Resigned as the group coordinator for partition 33 in epoch OptionalInt[11] (kafka.coordinator.group.GroupCoordinator)
[2025-11-15 00:58:46,295] INFO [GroupMetadataManager brokerId=1] Scheduling unloading of offsets and group metadata from __consumer_offsets-33 (kafka.coordinator.group.GroupMetadataManager)
[2025-11-15 00:58:46,448] INFO [GroupCoordinator 1]: Resigned as the group coordinator for partition 15 in epoch OptionalInt[11] (kafka.coordinator.group.GroupCoordinator)
[2025-11-15 00:58:46,452] INFO [GroupMetadataManager brokerId=1] Scheduling unloading of offsets and group metadata from __consumer_offsets-15 (kafka.coordinator.group.GroupMetadataManager)
[2025-11-15 00:58:46,454] INFO [GroupCoordinator 1]: Resigned as the group coordinator for partition 48 in epoch OptionalInt[11] (kafka.coordinator.group.GroupCoordinator)
[2025-11-15 00:58:46,457] INFO [GroupMetadataManager brokerId=1] Scheduling unloading of offsets and group metadata from __consumer_offsets-48 (kafka.coordinator.group.GroupMetadataManager)
[2025-11-15 00:58:46,458] INFO [GroupCoordinator 1]: Resigned as the group coordinator for partition 11 in epoch OptionalInt[11] (kafka.coordinator.group.GroupCoordinator)
[2025-11-15 00:58:46,459] INFO [GroupMetadataManager brokerId=1] Scheduling unloading of offsets and group metadata from __consumer_offsets-11 (kafka.coordinator.group.GroupMetadataManager)
[2025-11-15 00:58:46,462] INFO [GroupCoordinator 1]: Resigned as the group coordinator for partition 44 in epoch OptionalInt[11] (kafka.coordinator.group.GroupCoordinator)
[2025-11-15 00:58:46,463] INFO [GroupMetadataManager brokerId=1] Scheduling unloading of offsets and group metadata from __consumer_offsets-44 (kafka.coordinator.group.GroupMetadataManager)
[2025-11-15 00:58:46,466] INFO [GroupCoordinator 1]: Resigned as the group coordinator for partition 23 in epoch OptionalInt[11] (kafka.coordinator.group.GroupCoordinator)
[2025-11-15 00:58:46,467] INFO [GroupMetadataManager brokerId=1] Scheduling unloading of offsets and group metadata from __consumer_offsets-23 (kafka.coordinator.group.GroupMetadataManager)
[2025-11-15 00:58:46,470] INFO [GroupCoordinator 1]: Resigned as the group coordinator for partition 19 in epoch OptionalInt[11] (kafka.coordinator.group.GroupCoordinator)
[2025-11-15 00:58:46,473] INFO [GroupMetadataManager brokerId=1] Scheduling unloading of offsets and group metadata from __consumer_offsets-19 (kafka.coordinator.group.GroupMetadataManager)
[2025-11-15 00:58:46,475] INFO [GroupCoordinator 1]: Resigned as the group coordinator for partition 32 in epoch OptionalInt[11] (kafka.coordinator.group.GroupCoordinator)
[2025-11-15 00:58:46,476] INFO [GroupMetadataManager brokerId=1] Scheduling unloading of offsets and group metadata from __consumer_offsets-32 (kafka.coordinator.group.GroupMetadataManager)
[2025-11-15 00:58:46,477] INFO [GroupCoordinator 1]: Resigned as the group coordinator for partition 28 in epoch OptionalInt[11] (kafka.coordinator.group.GroupCoordinator)
[2025-11-15 00:58:46,479] INFO [GroupMetadataManager brokerId=1] Scheduling unloading of offsets and group metadata from __consumer_offsets-28 (kafka.coordinator.group.GroupMetadataManager)
[2025-11-15 00:58:46,480] INFO [GroupCoordinator 1]: Resigned as the group coordinator for partition 7 in epoch OptionalInt[11] (kafka.coordinator.group.GroupCoordinator)
[2025-11-15 00:58:46,480] INFO [GroupMetadataManager brokerId=1] Scheduling unloading of offsets and group metadata from __consumer_offsets-7 (kafka.coordinator.group.GroupMetadataManager)
[2025-11-15 00:58:46,484] INFO [GroupCoordinator 1]: Resigned as the group coordinator for partition 40 in epoch OptionalInt[11] (kafka.coordinator.group.GroupCoordinator)
[2025-11-15 00:58:46,484] INFO [GroupMetadataManager brokerId=1] Scheduling unloading of offsets and group metadata from __consumer_offsets-40 (kafka.coordinator.group.GroupMetadataManager)
[2025-11-15 00:58:46,485] INFO [GroupCoordinator 1]: Resigned as the group coordinator for partition 3 in epoch OptionalInt[11] (kafka.coordinator.group.GroupCoordinator)
[2025-11-15 00:58:46,485] INFO [GroupMetadataManager brokerId=1] Scheduling unloading of offsets and group metadata from __consumer_offsets-3 (kafka.coordinator.group.GroupMetadataManager)
[2025-11-15 00:58:46,486] INFO [GroupCoordinator 1]: Resigned as the group coordinator for partition 36 in epoch OptionalInt[11] (kafka.coordinator.group.GroupCoordinator)
[2025-11-15 00:58:46,486] INFO [GroupMetadataManager brokerId=1] Scheduling unloading of offsets and group metadata from __consumer_offsets-36 (kafka.coordinator.group.GroupMetadataManager)
[2025-11-15 00:58:46,487] INFO [GroupCoordinator 1]: Resigned as the group coordinator for partition 47 in epoch OptionalInt[11] (kafka.coordinator.group.GroupCoordinator)
[2025-11-15 00:58:46,487] INFO [GroupMetadataManager brokerId=1] Scheduling unloading of offsets and group metadata from __consumer_offsets-47 (kafka.coordinator.group.GroupMetadataManager)
[2025-11-15 00:58:46,488] INFO [GroupCoordinator 1]: Resigned as the group coordinator for partition 14 in epoch OptionalInt[11] (kafka.coordinator.group.GroupCoordinator)
[2025-11-15 00:58:46,488] INFO [GroupMetadataManager brokerId=1] Scheduling unloading of offsets and group metadata from __consumer_offsets-14 (kafka.coordinator.group.GroupMetadataManager)
[2025-11-15 00:58:46,489] INFO [GroupCoordinator 1]: Resigned as the group coordinator for partition 43 in epoch OptionalInt[11] (kafka.coordinator.group.GroupCoordinator)
[2025-11-15 00:58:46,489] INFO [GroupMetadataManager brokerId=1] Scheduling unloading of offsets and group metadata from __consumer_offsets-43 (kafka.coordinator.group.GroupMetadataManager)
[2025-11-15 00:58:46,490] INFO [GroupCoordinator 1]: Resigned as the group coordinator for partition 10 in epoch OptionalInt[11] (kafka.coordinator.group.GroupCoordinator)
[2025-11-15 00:58:46,490] INFO [GroupMetadataManager brokerId=1] Scheduling unloading of offsets and group metadata from __consumer_offsets-10 (kafka.coordinator.group.GroupMetadataManager)
[2025-11-15 00:58:46,491] INFO [GroupCoordinator 1]: Resigned as the group coordinator for partition 22 in epoch OptionalInt[11] (kafka.coordinator.group.GroupCoordinator)
[2025-11-15 00:58:46,492] INFO [GroupMetadataManager brokerId=1] Scheduling unloading of offsets and group metadata from __consumer_offsets-22 (kafka.coordinator.group.GroupMetadataManager)
[2025-11-15 00:58:46,492] INFO [GroupCoordinator 1]: Resigned as the group coordinator for partition 18 in epoch OptionalInt[11] (kafka.coordinator.group.GroupCoordinator)
[2025-11-15 00:58:46,493] INFO [GroupMetadataManager brokerId=1] Scheduling unloading of offsets and group metadata from __consumer_offsets-18 (kafka.coordinator.group.GroupMetadataManager)
[2025-11-15 00:58:46,494] INFO [GroupCoordinator 1]: Resigned as the group coordinator for partition 31 in epoch OptionalInt[11] (kafka.coordinator.group.GroupCoordinator)
[2025-11-15 00:58:46,496] INFO [GroupMetadataManager brokerId=1] Scheduling unloading of offsets and group metadata from __consumer_offsets-31 (kafka.coordinator.group.GroupMetadataManager)
[2025-11-15 00:58:46,497] INFO [GroupCoordinator 1]: Resigned as the group coordinator for partition 27 in epoch OptionalInt[11] (kafka.coordinator.group.GroupCoordinator)
[2025-11-15 00:58:46,522] INFO [GroupMetadataManager brokerId=1] Scheduling unloading of offsets and group metadata from __consumer_offsets-27 (kafka.coordinator.group.GroupMetadataManager)
[2025-11-15 00:58:46,524] INFO [GroupCoordinator 1]: Resigned as the group coordinator for partition 39 in epoch OptionalInt[11] (kafka.coordinator.group.GroupCoordinator)
[2025-11-15 00:58:46,526] INFO [GroupMetadataManager brokerId=1] Scheduling unloading of offsets and group metadata from __consumer_offsets-39 (kafka.coordinator.group.GroupMetadataManager)
[2025-11-15 00:58:46,528] INFO [GroupCoordinator 1]: Resigned as the group coordinator for partition 6 in epoch OptionalInt[11] (kafka.coordinator.group.GroupCoordinator)
[2025-11-15 00:58:46,531] INFO [GroupMetadataManager brokerId=1] Scheduling unloading of offsets and group metadata from __consumer_offsets-6 (kafka.coordinator.group.GroupMetadataManager)
[2025-11-15 00:58:46,533] INFO [GroupCoordinator 1]: Resigned as the group coordinator for partition 35 in epoch OptionalInt[11] (kafka.coordinator.group.GroupCoordinator)
[2025-11-15 00:58:46,535] INFO [GroupMetadataManager brokerId=1] Scheduling unloading of offsets and group metadata from __consumer_offsets-35 (kafka.coordinator.group.GroupMetadataManager)
[2025-11-15 00:58:46,536] INFO [GroupCoordinator 1]: Resigned as the group coordinator for partition 2 in epoch OptionalInt[11] (kafka.coordinator.group.GroupCoordinator)
[2025-11-15 00:58:46,537] INFO [GroupMetadataManager brokerId=1] Scheduling unloading of offsets and group metadata from __consumer_offsets-2 (kafka.coordinator.group.GroupMetadataManager)
[2025-11-15 00:58:46,565] INFO [GroupCoordinator 1]: Unloading group metadata for entrance-cockpit with generation 30 (kafka.coordinator.group.GroupCoordinator)
[2025-11-15 00:58:46,599] INFO [GroupMetadataManager brokerId=1] Finished unloading __consumer_offsets-46 for coordinator epoch OptionalInt[11]. Removed 3 cached offsets and 1 cached groups. (kafka.coordinator.group.GroupMetadataManager)
[2025-11-15 00:58:46,600] INFO [GroupMetadataManager brokerId=1] Finished unloading __consumer_offsets-9 for coordinator epoch OptionalInt[11]. Removed 0 cached offsets and 0 cached groups. (kafka.coordinator.group.GroupMetadataManager)
[2025-11-15 00:58:46,601] INFO [GroupMetadataManager brokerId=1] Finished unloading __consumer_offsets-42 for coordinator epoch OptionalInt[11]. Removed 0 cached offsets and 0 cached groups. (kafka.coordinator.group.GroupMetadataManager)
[2025-11-15 00:58:46,602] INFO [GroupMetadataManager brokerId=1] Finished unloading __consumer_offsets-21 for coordinator epoch OptionalInt[11]. Removed 0 cached offsets and 0 cached groups. (kafka.coordinator.group.GroupMetadataManager)
[2025-11-15 00:58:46,603] INFO [GroupMetadataManager brokerId=1] Finished unloading __consumer_offsets-17 for coordinator epoch OptionalInt[11]. Removed 0 cached offsets and 0 cached groups. (kafka.coordinator.group.GroupMetadataManager)
[2025-11-15 00:58:46,603] INFO [GroupMetadataManager brokerId=1] Finished unloading __consumer_offsets-30 for coordinator epoch OptionalInt[11]. Removed 0 cached offsets and 0 cached groups. (kafka.coordinator.group.GroupMetadataManager)
[2025-11-15 00:58:46,604] INFO [GroupMetadataManager brokerId=1] Finished unloading __consumer_offsets-26 for coordinator epoch OptionalInt[11]. Removed 0 cached offsets and 0 cached groups. (kafka.coordinator.group.GroupMetadataManager)
[2025-11-15 00:58:46,605] INFO [GroupMetadataManager brokerId=1] Finished unloading __consumer_offsets-5 for coordinator epoch OptionalInt[11]. Removed 0 cached offsets and 0 cached groups. (kafka.coordinator.group.GroupMetadataManager)
[2025-11-15 00:58:46,605] INFO [GroupMetadataManager brokerId=1] Finished unloading __consumer_offsets-38 for coordinator epoch OptionalInt[11]. Removed 0 cached offsets and 0 cached groups. (kafka.coordinator.group.GroupMetadataManager)
[2025-11-15 00:58:46,606] INFO [GroupMetadataManager brokerId=1] Finished unloading __consumer_offsets-1 for coordinator epoch OptionalInt[11]. Removed 0 cached offsets and 0 cached groups. (kafka.coordinator.group.GroupMetadataManager)
[2025-11-15 00:58:46,607] INFO [GroupMetadataManager brokerId=1] Finished unloading __consumer_offsets-34 for coordinator epoch OptionalInt[11]. Removed 0 cached offsets and 0 cached groups. (kafka.coordinator.group.GroupMetadataManager)
[2025-11-15 00:58:46,608] INFO [GroupMetadataManager brokerId=1] Finished unloading __consumer_offsets-16 for coordinator epoch OptionalInt[11]. Removed 0 cached offsets and 0 cached groups. (kafka.coordinator.group.GroupMetadataManager)
[2025-11-15 00:58:46,609] INFO [GroupMetadataManager brokerId=1] Finished unloading __consumer_offsets-45 for coordinator epoch OptionalInt[11]. Removed 0 cached offsets and 0 cached groups. (kafka.coordinator.group.GroupMetadataManager)
[2025-11-15 00:58:46,610] INFO [GroupMetadataManager brokerId=1] Finished unloading __consumer_offsets-12 for coordinator epoch OptionalInt[11]. Removed 0 cached offsets and 0 cached groups. (kafka.coordinator.group.GroupMetadataManager)
[2025-11-15 00:58:46,610] INFO [GroupMetadataManager brokerId=1] Finished unloading __consumer_offsets-41 for coordinator epoch OptionalInt[11]. Removed 0 cached offsets and 0 cached groups. (kafka.coordinator.group.GroupMetadataManager)
[2025-11-15 00:58:46,611] INFO [SocketServer listenerType=BROKER, nodeId=1] Stopped socket server request processors (kafka.network.SocketServer)
[2025-11-15 00:58:46,611] INFO [GroupMetadataManager brokerId=1] Finished unloading __consumer_offsets-24 for coordinator epoch OptionalInt[11]. Removed 0 cached offsets and 0 cached groups. (kafka.coordinator.group.GroupMetadataManager)
[2025-11-15 00:58:46,612] INFO [GroupMetadataManager brokerId=1] Finished unloading __consumer_offsets-20 for coordinator epoch OptionalInt[11]. Removed 0 cached offsets and 0 cached groups. (kafka.coordinator.group.GroupMetadataManager)
[2025-11-15 00:58:46,613] INFO [GroupMetadataManager brokerId=1] Finished unloading __consumer_offsets-49 for coordinator epoch OptionalInt[11]. Removed 0 cached offsets and 0 cached groups. (kafka.coordinator.group.GroupMetadataManager)
[2025-11-15 00:58:46,614] INFO [GroupMetadataManager brokerId=1] Finished unloading __consumer_offsets-0 for coordinator epoch OptionalInt[11]. Removed 0 cached offsets and 0 cached groups. (kafka.coordinator.group.GroupMetadataManager)
[2025-11-15 00:58:46,615] INFO [GroupMetadataManager brokerId=1] Finished unloading __consumer_offsets-29 for coordinator epoch OptionalInt[11]. Removed 0 cached offsets and 0 cached groups. (kafka.coordinator.group.GroupMetadataManager)
[2025-11-15 00:58:46,615] INFO [GroupMetadataManager brokerId=1] Finished unloading __consumer_offsets-25 for coordinator epoch OptionalInt[11]. Removed 0 cached offsets and 0 cached groups. (kafka.coordinator.group.GroupMetadataManager)
[2025-11-15 00:58:46,616] INFO [GroupMetadataManager brokerId=1] Finished unloading __consumer_offsets-8 for coordinator epoch OptionalInt[11]. Removed 0 cached offsets and 0 cached groups. (kafka.coordinator.group.GroupMetadataManager)
[2025-11-15 00:58:46,617] INFO [GroupMetadataManager brokerId=1] Finished unloading __consumer_offsets-37 for coordinator epoch OptionalInt[11]. Removed 0 cached offsets and 0 cached groups. (kafka.coordinator.group.GroupMetadataManager)
[2025-11-15 00:58:46,618] INFO [GroupMetadataManager brokerId=1] Finished unloading __consumer_offsets-4 for coordinator epoch OptionalInt[11]. Removed 0 cached offsets and 0 cached groups. (kafka.coordinator.group.GroupMetadataManager)
[2025-11-15 00:58:46,619] INFO [GroupMetadataManager brokerId=1] Finished unloading __consumer_offsets-33 for coordinator epoch OptionalInt[11]. Removed 0 cached offsets and 0 cached groups. (kafka.coordinator.group.GroupMetadataManager)
[2025-11-15 00:58:46,620] INFO [GroupMetadataManager brokerId=1] Finished unloading __consumer_offsets-15 for coordinator epoch OptionalInt[11]. Removed 0 cached offsets and 0 cached groups. (kafka.coordinator.group.GroupMetadataManager)
[2025-11-15 00:58:46,621] INFO [GroupMetadataManager brokerId=1] Finished unloading __consumer_offsets-48 for coordinator epoch OptionalInt[11]. Removed 0 cached offsets and 0 cached groups. (kafka.coordinator.group.GroupMetadataManager)
[2025-11-15 00:58:46,621] INFO [GroupMetadataManager brokerId=1] Finished unloading __consumer_offsets-11 for coordinator epoch OptionalInt[11]. Removed 0 cached offsets and 0 cached groups. (kafka.coordinator.group.GroupMetadataManager)
[2025-11-15 00:58:46,622] INFO [GroupMetadataManager brokerId=1] Finished unloading __consumer_offsets-44 for coordinator epoch OptionalInt[11]. Removed 0 cached offsets and 0 cached groups. (kafka.coordinator.group.GroupMetadataManager)
[2025-11-15 00:58:46,623] INFO [GroupMetadataManager brokerId=1] Finished unloading __consumer_offsets-23 for coordinator epoch OptionalInt[11]. Removed 0 cached offsets and 0 cached groups. (kafka.coordinator.group.GroupMetadataManager)
[2025-11-15 00:58:46,623] INFO [GroupMetadataManager brokerId=1] Finished unloading __consumer_offsets-19 for coordinator epoch OptionalInt[11]. Removed 0 cached offsets and 0 cached groups. (kafka.coordinator.group.GroupMetadataManager)
[2025-11-15 00:58:46,624] INFO [GroupMetadataManager brokerId=1] Finished unloading __consumer_offsets-32 for coordinator epoch OptionalInt[11]. Removed 0 cached offsets and 0 cached groups. (kafka.coordinator.group.GroupMetadataManager)
[2025-11-15 00:58:46,625] INFO [GroupMetadataManager brokerId=1] Finished unloading __consumer_offsets-28 for coordinator epoch OptionalInt[11]. Removed 0 cached offsets and 0 cached groups. (kafka.coordinator.group.GroupMetadataManager)
[2025-11-15 00:58:46,626] INFO [GroupMetadataManager brokerId=1] Finished unloading __consumer_offsets-7 for coordinator epoch OptionalInt[11]. Removed 0 cached offsets and 0 cached groups. (kafka.coordinator.group.GroupMetadataManager)
[2025-11-15 00:58:46,627] INFO [GroupMetadataManager brokerId=1] Finished unloading __consumer_offsets-40 for coordinator epoch OptionalInt[11]. Removed 0 cached offsets and 0 cached groups. (kafka.coordinator.group.GroupMetadataManager)
[2025-11-15 00:58:46,629] INFO [data-plane Kafka Request Handler on Broker 1], shutting down (kafka.server.KafkaRequestHandlerPool)
[2025-11-15 00:58:46,629] INFO [GroupMetadataManager brokerId=1] Finished unloading __consumer_offsets-3 for coordinator epoch OptionalInt[11]. Removed 0 cached offsets and 0 cached groups. (kafka.coordinator.group.GroupMetadataManager)
[2025-11-15 00:58:46,630] INFO [GroupMetadataManager brokerId=1] Finished unloading __consumer_offsets-36 for coordinator epoch OptionalInt[11]. Removed 0 cached offsets and 0 cached groups. (kafka.coordinator.group.GroupMetadataManager)
[2025-11-15 00:58:46,630] INFO [GroupMetadataManager brokerId=1] Finished unloading __consumer_offsets-47 for coordinator epoch OptionalInt[11]. Removed 0 cached offsets and 0 cached groups. (kafka.coordinator.group.GroupMetadataManager)
[2025-11-15 00:58:46,632] INFO [GroupMetadataManager brokerId=1] Finished unloading __consumer_offsets-14 for coordinator epoch OptionalInt[11]. Removed 0 cached offsets and 0 cached groups. (kafka.coordinator.group.GroupMetadataManager)
[2025-11-15 00:58:46,632] INFO [GroupMetadataManager brokerId=1] Finished unloading __consumer_offsets-43 for coordinator epoch OptionalInt[11]. Removed 0 cached offsets and 0 cached groups. (kafka.coordinator.group.GroupMetadataManager)
[2025-11-15 00:58:46,636] INFO [GroupMetadataManager brokerId=1] Finished unloading __consumer_offsets-10 for coordinator epoch OptionalInt[11]. Removed 0 cached offsets and 0 cached groups. (kafka.coordinator.group.GroupMetadataManager)
[2025-11-15 00:58:46,638] INFO [data-plane Kafka Request Handler on Broker 1], shut down completely (kafka.server.KafkaRequestHandlerPool)
[2025-11-15 00:58:46,638] INFO [GroupMetadataManager brokerId=1] Finished unloading __consumer_offsets-22 for coordinator epoch OptionalInt[11]. Removed 0 cached offsets and 0 cached groups. (kafka.coordinator.group.GroupMetadataManager)
[2025-11-15 00:58:46,640] INFO [GroupMetadataManager brokerId=1] Finished unloading __consumer_offsets-18 for coordinator epoch OptionalInt[11]. Removed 0 cached offsets and 0 cached groups. (kafka.coordinator.group.GroupMetadataManager)
[2025-11-15 00:58:46,642] INFO [GroupMetadataManager brokerId=1] Finished unloading __consumer_offsets-31 for coordinator epoch OptionalInt[11]. Removed 0 cached offsets and 0 cached groups. (kafka.coordinator.group.GroupMetadataManager)
[2025-11-15 00:58:46,645] INFO [GroupMetadataManager brokerId=1] Finished unloading __consumer_offsets-27 for coordinator epoch OptionalInt[11]. Removed 0 cached offsets and 0 cached groups. (kafka.coordinator.group.GroupMetadataManager)
[2025-11-15 00:58:46,646] INFO [GroupCoordinator 1]: Unloading group metadata for core-group with generation 2 (kafka.coordinator.group.GroupCoordinator)
[2025-11-15 00:58:46,646] INFO [ExpirationReaper-1-AlterAcls]: Shutting down (kafka.server.DelayedOperationPurgatory$ExpiredOperationReaper)
[2025-11-15 00:58:46,655] INFO [ExpirationReaper-1-AlterAcls]: Stopped (kafka.server.DelayedOperationPurgatory$ExpiredOperationReaper)
[2025-11-15 00:58:46,655] INFO [ExpirationReaper-1-AlterAcls]: Shutdown completed (kafka.server.DelayedOperationPurgatory$ExpiredOperationReaper)
[2025-11-15 00:58:46,659] INFO [GroupMetadataManager brokerId=1] Finished unloading __consumer_offsets-39 for coordinator epoch OptionalInt[11]. Removed 1 cached offsets and 1 cached groups. (kafka.coordinator.group.GroupMetadataManager)
[2025-11-15 00:58:46,660] INFO [GroupMetadataManager brokerId=1] Finished unloading __consumer_offsets-6 for coordinator epoch OptionalInt[11]. Removed 0 cached offsets and 0 cached groups. (kafka.coordinator.group.GroupMetadataManager)
[2025-11-15 00:58:46,660] INFO [GroupMetadataManager brokerId=1] Finished unloading __consumer_offsets-35 for coordinator epoch OptionalInt[11]. Removed 0 cached offsets and 0 cached groups. (kafka.coordinator.group.GroupMetadataManager)
[2025-11-15 00:58:46,660] INFO [GroupMetadataManager brokerId=1] Finished unloading __consumer_offsets-2 for coordinator epoch OptionalInt[11]. Removed 0 cached offsets and 0 cached groups. (kafka.coordinator.group.GroupMetadataManager)
[2025-11-15 00:58:46,672] INFO [KafkaApi-1] Shutdown complete. (kafka.server.KafkaApis)
[2025-11-15 00:58:46,692] INFO [TransactionCoordinator id=1] Shutting down. (kafka.coordinator.transaction.TransactionCoordinator)
[2025-11-15 00:58:46,699] INFO [Transaction State Manager 1]: Shutdown complete (kafka.coordinator.transaction.TransactionStateManager)
[2025-11-15 00:58:46,701] INFO [TxnMarkerSenderThread-1]: Shutting down (kafka.coordinator.transaction.TransactionMarkerChannelManager)
[2025-11-15 00:58:46,702] INFO [TxnMarkerSenderThread-1]: Stopped (kafka.coordinator.transaction.TransactionMarkerChannelManager)
[2025-11-15 00:58:46,702] INFO [TxnMarkerSenderThread-1]: Shutdown completed (kafka.coordinator.transaction.TransactionMarkerChannelManager)
[2025-11-15 00:58:46,709] INFO [TransactionCoordinator id=1] Shutdown complete. (kafka.coordinator.transaction.TransactionCoordinator)
[2025-11-15 00:58:46,710] INFO [GroupCoordinator 1]: Shutting down. (kafka.coordinator.group.GroupCoordinator)
[2025-11-15 00:58:46,712] INFO [ExpirationReaper-1-Heartbeat]: Shutting down (kafka.server.DelayedOperationPurgatory$ExpiredOperationReaper)
[2025-11-15 00:58:46,714] INFO [ExpirationReaper-1-Heartbeat]: Stopped (kafka.server.DelayedOperationPurgatory$ExpiredOperationReaper)
[2025-11-15 00:58:46,714] INFO [ExpirationReaper-1-Heartbeat]: Shutdown completed (kafka.server.DelayedOperationPurgatory$ExpiredOperationReaper)
[2025-11-15 00:58:46,716] INFO [ExpirationReaper-1-Rebalance]: Shutting down (kafka.server.DelayedOperationPurgatory$ExpiredOperationReaper)
[2025-11-15 00:58:46,718] INFO [ExpirationReaper-1-Rebalance]: Stopped (kafka.server.DelayedOperationPurgatory$ExpiredOperationReaper)
[2025-11-15 00:58:46,718] INFO [ExpirationReaper-1-Rebalance]: Shutdown completed (kafka.server.DelayedOperationPurgatory$ExpiredOperationReaper)
[2025-11-15 00:58:46,720] INFO [GroupCoordinator 1]: Shutdown complete. (kafka.coordinator.group.GroupCoordinator)
[2025-11-15 00:58:46,722] INFO [AssignmentsManager id=1]KafkaEventQueue#close: shutting down event queue. (org.apache.kafka.queue.KafkaEventQueue)
[2025-11-15 00:58:46,723] INFO [AssignmentsManager id=1] shutting down. (org.apache.kafka.server.AssignmentsManager)
[2025-11-15 00:58:46,724] INFO [broker-1-to-controller-directory-assignments-channel-manager]: Shutting down (kafka.server.NodeToControllerRequestThread)
[2025-11-15 00:58:46,725] INFO [broker-1-to-controller-directory-assignments-channel-manager]: Stopped (kafka.server.NodeToControllerRequestThread)
[2025-11-15 00:58:46,725] INFO [broker-1-to-controller-directory-assignments-channel-manager]: Shutdown completed (kafka.server.NodeToControllerRequestThread)
[2025-11-15 00:58:46,726] INFO Node to controller channel manager for directory-assignments shutdown (kafka.server.NodeToControllerChannelManagerImpl)
[2025-11-15 00:58:46,727] INFO [AssignmentsManager id=1]closed event queue. (org.apache.kafka.queue.KafkaEventQueue)
[2025-11-15 00:58:46,729] INFO [ReplicaManager broker=1] Shutting down (kafka.server.ReplicaManager)
[2025-11-15 00:58:46,731] INFO [LogDirFailureHandler]: Shutting down (kafka.server.ReplicaManager$LogDirFailureHandler)
[2025-11-15 00:58:46,733] INFO [LogDirFailureHandler]: Stopped (kafka.server.ReplicaManager$LogDirFailureHandler)
[2025-11-15 00:58:46,733] INFO [LogDirFailureHandler]: Shutdown completed (kafka.server.ReplicaManager$LogDirFailureHandler)
[2025-11-15 00:58:46,737] INFO [ReplicaFetcherManager on broker 1] shutting down (kafka.server.ReplicaFetcherManager)
[2025-11-15 00:58:46,740] INFO [ReplicaFetcherManager on broker 1] shutdown completed (kafka.server.ReplicaFetcherManager)
[2025-11-15 00:58:46,743] INFO [ReplicaAlterLogDirsManager on broker 1] shutting down (kafka.server.ReplicaAlterLogDirsManager)
[2025-11-15 00:58:46,744] INFO [ReplicaAlterLogDirsManager on broker 1] shutdown completed (kafka.server.ReplicaAlterLogDirsManager)
[2025-11-15 00:58:46,744] INFO [ExpirationReaper-1-Fetch]: Shutting down (kafka.server.DelayedOperationPurgatory$ExpiredOperationReaper)
[2025-11-15 00:58:46,746] INFO [ExpirationReaper-1-Fetch]: Stopped (kafka.server.DelayedOperationPurgatory$ExpiredOperationReaper)
[2025-11-15 00:58:46,746] INFO [ExpirationReaper-1-Fetch]: Shutdown completed (kafka.server.DelayedOperationPurgatory$ExpiredOperationReaper)
[2025-11-15 00:58:46,748] INFO [ExpirationReaper-1-RemoteFetch]: Shutting down (kafka.server.DelayedOperationPurgatory$ExpiredOperationReaper)
[2025-11-15 00:58:46,750] INFO [ExpirationReaper-1-RemoteFetch]: Stopped (kafka.server.DelayedOperationPurgatory$ExpiredOperationReaper)
[2025-11-15 00:58:46,750] INFO [ExpirationReaper-1-RemoteFetch]: Shutdown completed (kafka.server.DelayedOperationPurgatory$ExpiredOperationReaper)
[2025-11-15 00:58:46,751] INFO [ExpirationReaper-1-Produce]: Shutting down (kafka.server.DelayedOperationPurgatory$ExpiredOperationReaper)
[2025-11-15 00:58:46,753] INFO [ExpirationReaper-1-Produce]: Stopped (kafka.server.DelayedOperationPurgatory$ExpiredOperationReaper)
[2025-11-15 00:58:46,753] INFO [ExpirationReaper-1-Produce]: Shutdown completed (kafka.server.DelayedOperationPurgatory$ExpiredOperationReaper)
[2025-11-15 00:58:46,754] INFO [ExpirationReaper-1-DeleteRecords]: Shutting down (kafka.server.DelayedOperationPurgatory$ExpiredOperationReaper)
[2025-11-15 00:58:46,756] INFO [ExpirationReaper-1-DeleteRecords]: Stopped (kafka.server.DelayedOperationPurgatory$ExpiredOperationReaper)
[2025-11-15 00:58:46,756] INFO [ExpirationReaper-1-DeleteRecords]: Shutdown completed (kafka.server.DelayedOperationPurgatory$ExpiredOperationReaper)
[2025-11-15 00:58:46,757] INFO [ExpirationReaper-1-ElectLeader]: Shutting down (kafka.server.DelayedOperationPurgatory$ExpiredOperationReaper)
[2025-11-15 00:58:46,759] INFO [ExpirationReaper-1-ElectLeader]: Stopped (kafka.server.DelayedOperationPurgatory$ExpiredOperationReaper)
[2025-11-15 00:58:46,759] INFO [ExpirationReaper-1-ElectLeader]: Shutdown completed (kafka.server.DelayedOperationPurgatory$ExpiredOperationReaper)
[2025-11-15 00:58:46,782] INFO [AddPartitionsToTxnSenderThread-1]: Shutting down (kafka.server.AddPartitionsToTxnManager)
[2025-11-15 00:58:46,783] INFO [AddPartitionsToTxnSenderThread-1]: Stopped (kafka.server.AddPartitionsToTxnManager)
[2025-11-15 00:58:46,783] INFO [AddPartitionsToTxnSenderThread-1]: Shutdown completed (kafka.server.AddPartitionsToTxnManager)
[2025-11-15 00:58:46,785] INFO [ReplicaManager broker=1] Shut down completely (kafka.server.ReplicaManager)
[2025-11-15 00:58:46,789] INFO [broker-1-to-controller-alter-partition-channel-manager]: Shutting down (kafka.server.NodeToControllerRequestThread)
[2025-11-15 00:58:46,789] INFO [broker-1-to-controller-alter-partition-channel-manager]: Stopped (kafka.server.NodeToControllerRequestThread)
[2025-11-15 00:58:46,789] INFO [broker-1-to-controller-alter-partition-channel-manager]: Shutdown completed (kafka.server.NodeToControllerRequestThread)
[2025-11-15 00:58:46,791] INFO Node to controller channel manager for alter-partition shutdown (kafka.server.NodeToControllerChannelManagerImpl)
[2025-11-15 00:58:46,796] INFO [broker-1-to-controller-forwarding-channel-manager]: Shutting down (kafka.server.NodeToControllerRequestThread)
[2025-11-15 00:58:46,796] INFO [broker-1-to-controller-forwarding-channel-manager]: Stopped (kafka.server.NodeToControllerRequestThread)
[2025-11-15 00:58:46,796] INFO [broker-1-to-controller-forwarding-channel-manager]: Shutdown completed (kafka.server.NodeToControllerRequestThread)
[2025-11-15 00:58:46,799] INFO Node to controller channel manager for forwarding shutdown (kafka.server.NodeToControllerChannelManagerImpl)
[2025-11-15 00:58:46,802] INFO Shutting down. (kafka.log.LogManager)
[2025-11-15 00:58:46,817] INFO [kafka-log-cleaner-thread-0]: Shutting down (kafka.log.LogCleaner$CleanerThread)
[2025-11-15 00:58:46,818] INFO [kafka-log-cleaner-thread-0]: Stopped (kafka.log.LogCleaner$CleanerThread)
[2025-11-15 00:58:46,818] INFO [kafka-log-cleaner-thread-0]: Shutdown completed (kafka.log.LogCleaner$CleanerThread)
[2025-11-15 00:58:46,956] INFO [ProducerStateManager partition=attempt_logs-0] Wrote producer snapshot at offset 78 with 3 producer ids in 7 ms. (org.apache.kafka.storage.internals.log.ProducerStateManager)
[2025-11-15 00:58:47,015] INFO [ProducerStateManager partition=__consumer_offsets-39] Wrote producer snapshot at offset 81 with 0 producer ids in 3 ms. (org.apache.kafka.storage.internals.log.ProducerStateManager)
[2025-11-15 00:58:47,105] INFO [ProducerStateManager partition=__consumer_offsets-46] Wrote producer snapshot at offset 159 with 0 producer ids in 2 ms. (org.apache.kafka.storage.internals.log.ProducerStateManager)
[2025-11-15 00:58:47,120] INFO [ProducerStateManager partition=__consumer_offsets-4] Wrote producer snapshot at offset 3 with 0 producer ids in 3 ms. (org.apache.kafka.storage.internals.log.ProducerStateManager)
[2025-11-15 00:58:47,127] INFO [ProducerStateManager partition=entrance_logs-0] Wrote producer snapshot at offset 58 with 2 producer ids in 2 ms. (org.apache.kafka.storage.internals.log.ProducerStateManager)
[2025-11-15 00:58:47,139] INFO [ProducerStateManager partition=__consumer_offsets-15] Wrote producer snapshot at offset 3 with 0 producer ids in 2 ms. (org.apache.kafka.storage.internals.log.ProducerStateManager)
[2025-11-15 00:58:47,294] INFO Shutdown complete. (kafka.log.LogManager)
[2025-11-15 00:58:47,297] INFO [broker-1-ThrottledChannelReaper-Fetch]: Shutting down (kafka.server.ClientQuotaManager$ThrottledChannelReaper)
[2025-11-15 00:58:47,305] INFO [broker-1-ThrottledChannelReaper-Fetch]: Stopped (kafka.server.ClientQuotaManager$ThrottledChannelReaper)
[2025-11-15 00:58:47,305] INFO [broker-1-ThrottledChannelReaper-Fetch]: Shutdown completed (kafka.server.ClientQuotaManager$ThrottledChannelReaper)
[2025-11-15 00:58:47,306] INFO [broker-1-ThrottledChannelReaper-Produce]: Shutting down (kafka.server.ClientQuotaManager$ThrottledChannelReaper)
[2025-11-15 00:58:47,307] INFO [broker-1-ThrottledChannelReaper-Produce]: Stopped (kafka.server.ClientQuotaManager$ThrottledChannelReaper)
[2025-11-15 00:58:47,307] INFO [broker-1-ThrottledChannelReaper-Produce]: Shutdown completed (kafka.server.ClientQuotaManager$ThrottledChannelReaper)
[2025-11-15 00:58:47,307] INFO [broker-1-ThrottledChannelReaper-Request]: Shutting down (kafka.server.ClientQuotaManager$ThrottledChannelReaper)
[2025-11-15 00:58:47,308] INFO [broker-1-ThrottledChannelReaper-Request]: Stopped (kafka.server.ClientQuotaManager$ThrottledChannelReaper)
[2025-11-15 00:58:47,308] INFO [broker-1-ThrottledChannelReaper-Request]: Shutdown completed (kafka.server.ClientQuotaManager$ThrottledChannelReaper)
[2025-11-15 00:58:47,308] INFO [broker-1-ThrottledChannelReaper-ControllerMutation]: Shutting down (kafka.server.ClientQuotaManager$ThrottledChannelReaper)
[2025-11-15 00:58:47,309] INFO [broker-1-ThrottledChannelReaper-ControllerMutation]: Stopped (kafka.server.ClientQuotaManager$ThrottledChannelReaper)
[2025-11-15 00:58:47,309] INFO [broker-1-ThrottledChannelReaper-ControllerMutation]: Shutdown completed (kafka.server.ClientQuotaManager$ThrottledChannelReaper)
[2025-11-15 00:58:47,311] INFO [SocketServer listenerType=BROKER, nodeId=1] Shutting down socket server (kafka.network.SocketServer)
[2025-11-15 00:58:47,367] INFO [SocketServer listenerType=BROKER, nodeId=1] Shutdown completed (kafka.network.SocketServer)
[2025-11-15 00:58:47,370] INFO Broker and topic stats closed (kafka.server.BrokerTopicStats)
[2025-11-15 00:58:47,372] INFO [BrokerLifecycleManager id=1] closed event queue. (org.apache.kafka.queue.KafkaEventQueue)
[2025-11-15 00:58:47,377] INFO [client-metrics-reaper]: Shutting down (org.apache.kafka.server.util.timer.SystemTimerReaper$Reaper)
[2025-11-15 00:58:47,379] INFO [client-metrics-reaper]: Stopped (org.apache.kafka.server.util.timer.SystemTimerReaper$Reaper)
[2025-11-15 00:58:47,379] INFO [client-metrics-reaper]: Shutdown completed (org.apache.kafka.server.util.timer.SystemTimerReaper$Reaper)
[2025-11-15 00:58:47,383] INFO [BrokerServer id=1] shut down completed (kafka.server.BrokerServer)
[2025-11-15 00:58:47,383] INFO [BrokerServer id=1] Transition from SHUTTING_DOWN to SHUTDOWN (kafka.server.BrokerServer)
[2025-11-15 00:58:47,388] INFO [ControllerServer id=1] shutting down (kafka.server.ControllerServer)
[2025-11-15 00:58:47,396] INFO [raft-expiration-reaper]: Shutting down (kafka.raft.TimingWheelExpirationService$ExpiredOperationReaper)
[2025-11-15 00:58:47,564] INFO [raft-expiration-reaper]: Stopped (kafka.raft.TimingWheelExpirationService$ExpiredOperationReaper)
[2025-11-15 00:58:47,564] INFO [raft-expiration-reaper]: Shutdown completed (kafka.raft.TimingWheelExpirationService$ExpiredOperationReaper)
[2025-11-15 00:58:47,568] INFO [kafka-1-raft-io-thread]: Shutting down (org.apache.kafka.raft.KafkaRaftClientDriver)
[2025-11-15 00:58:47,570] INFO [RaftManager id=1] Beginning graceful shutdown (org.apache.kafka.raft.KafkaRaftClient)
[2025-11-15 00:58:47,588] INFO [RaftManager id=1] Graceful shutdown completed (org.apache.kafka.raft.KafkaRaftClient)
[2025-11-15 00:58:47,589] INFO [RaftManager id=1] Completed graceful shutdown of RaftClient (org.apache.kafka.raft.KafkaRaftClientDriver)
[2025-11-15 00:58:47,590] INFO [kafka-1-raft-io-thread]: Stopped (org.apache.kafka.raft.KafkaRaftClientDriver)
[2025-11-15 00:58:47,590] INFO [kafka-1-raft-io-thread]: Shutdown completed (org.apache.kafka.raft.KafkaRaftClientDriver)
[2025-11-15 00:58:47,601] INFO [kafka-1-raft-outbound-request-thread]: Shutting down (org.apache.kafka.raft.KafkaNetworkChannel$SendThread)
[2025-11-15 00:58:47,603] INFO [kafka-1-raft-outbound-request-thread]: Stopped (org.apache.kafka.raft.KafkaNetworkChannel$SendThread)
[2025-11-15 00:58:47,603] INFO [kafka-1-raft-outbound-request-thread]: Shutdown completed (org.apache.kafka.raft.KafkaNetworkChannel$SendThread)
[2025-11-15 00:58:47,609] INFO [ProducerStateManager partition=__cluster_metadata-0] Wrote producer snapshot at offset 50530 with 0 producer ids in 4 ms. (org.apache.kafka.storage.internals.log.ProducerStateManager)
[2025-11-15 00:58:47,622] INFO [ControllerRegistrationManager id=1 incarnation=2NWnFfPUSUi2M0wV1d2XRg] beginShutdown: shutting down event queue. (org.apache.kafka.queue.KafkaEventQueue)
[2025-11-15 00:58:47,624] INFO [ControllerRegistrationManager id=1 incarnation=2NWnFfPUSUi2M0wV1d2XRg] shutting down. (kafka.server.ControllerRegistrationManager)
[2025-11-15 00:58:47,625] INFO [controller-1-to-controller-registration-channel-manager]: Shutting down (kafka.server.NodeToControllerRequestThread)
[2025-11-15 00:58:47,626] INFO [controller-1-to-controller-registration-channel-manager]: Stopped (kafka.server.NodeToControllerRequestThread)
[2025-11-15 00:58:47,626] INFO [controller-1-to-controller-registration-channel-manager]: Shutdown completed (kafka.server.NodeToControllerRequestThread)
[2025-11-15 00:58:47,627] INFO Node to controller channel manager for registration shutdown (kafka.server.NodeToControllerChannelManagerImpl)
[2025-11-15 00:58:47,627] INFO [ControllerRegistrationManager id=1 incarnation=2NWnFfPUSUi2M0wV1d2XRg] closed event queue. (org.apache.kafka.queue.KafkaEventQueue)
[2025-11-15 00:58:47,628] INFO [controller-1-to-controller-registration-channel-manager]: Shutdown completed (kafka.server.NodeToControllerRequestThread)
[2025-11-15 00:58:47,629] WARN [NodeToControllerChannelManager id=1 name=registration] Attempting to close NetworkClient that has already been closed. (org.apache.kafka.clients.NetworkClient)
[2025-11-15 00:58:47,629] INFO Node to controller channel manager for registration shutdown (kafka.server.NodeToControllerChannelManagerImpl)
[2025-11-15 00:58:47,631] INFO [ControllerRegistrationManager id=1 incarnation=2NWnFfPUSUi2M0wV1d2XRg] closed event queue. (org.apache.kafka.queue.KafkaEventQueue)
[2025-11-15 00:58:47,634] INFO [SocketServer listenerType=CONTROLLER, nodeId=1] Stopping socket server request processors (kafka.network.SocketServer)
[2025-11-15 00:58:47,638] INFO [SocketServer listenerType=CONTROLLER, nodeId=1] Stopped socket server request processors (kafka.network.SocketServer)
[2025-11-15 00:58:47,641] INFO [QuorumController id=1] QuorumController#beginShutdown: shutting down event queue. (org.apache.kafka.queue.KafkaEventQueue)
[2025-11-15 00:58:47,641] INFO [SocketServer listenerType=CONTROLLER, nodeId=1] Shutting down socket server (kafka.network.SocketServer)
[2025-11-15 00:58:47,658] INFO [SocketServer listenerType=CONTROLLER, nodeId=1] Shutdown completed (kafka.network.SocketServer)
[2025-11-15 00:58:47,659] INFO [data-plane Kafka Request Handler on Broker 1], shutting down (kafka.server.KafkaRequestHandlerPool)
[2025-11-15 00:58:47,661] INFO [data-plane Kafka Request Handler on Broker 1], shut down completely (kafka.server.KafkaRequestHandlerPool)
[2025-11-15 00:58:47,663] INFO [ExpirationReaper-1-AlterAcls]: Shutting down (kafka.server.DelayedOperationPurgatory$ExpiredOperationReaper)
[2025-11-15 00:58:47,664] INFO [ExpirationReaper-1-AlterAcls]: Stopped (kafka.server.DelayedOperationPurgatory$ExpiredOperationReaper)
[2025-11-15 00:58:47,664] INFO [ExpirationReaper-1-AlterAcls]: Shutdown completed (kafka.server.DelayedOperationPurgatory$ExpiredOperationReaper)
[2025-11-15 00:58:47,666] INFO [controller-1-ThrottledChannelReaper-Fetch]: Shutting down (kafka.server.ClientQuotaManager$ThrottledChannelReaper)
[2025-11-15 00:58:47,667] INFO [controller-1-ThrottledChannelReaper-Fetch]: Stopped (kafka.server.ClientQuotaManager$ThrottledChannelReaper)
[2025-11-15 00:58:47,667] INFO [controller-1-ThrottledChannelReaper-Fetch]: Shutdown completed (kafka.server.ClientQuotaManager$ThrottledChannelReaper)
[2025-11-15 00:58:47,668] INFO [controller-1-ThrottledChannelReaper-Produce]: Shutting down (kafka.server.ClientQuotaManager$ThrottledChannelReaper)
[2025-11-15 00:58:47,669] INFO [controller-1-ThrottledChannelReaper-Produce]: Stopped (kafka.server.ClientQuotaManager$ThrottledChannelReaper)
[2025-11-15 00:58:47,669] INFO [controller-1-ThrottledChannelReaper-Produce]: Shutdown completed (kafka.server.ClientQuotaManager$ThrottledChannelReaper)
[2025-11-15 00:58:47,669] INFO [controller-1-ThrottledChannelReaper-Request]: Shutting down (kafka.server.ClientQuotaManager$ThrottledChannelReaper)
[2025-11-15 00:58:47,671] INFO [controller-1-ThrottledChannelReaper-Request]: Stopped (kafka.server.ClientQuotaManager$ThrottledChannelReaper)
[2025-11-15 00:58:47,671] INFO [controller-1-ThrottledChannelReaper-Request]: Shutdown completed (kafka.server.ClientQuotaManager$ThrottledChannelReaper)
[2025-11-15 00:58:47,671] INFO [controller-1-ThrottledChannelReaper-ControllerMutation]: Shutting down (kafka.server.ClientQuotaManager$ThrottledChannelReaper)
[2025-11-15 00:58:47,672] INFO [controller-1-ThrottledChannelReaper-ControllerMutation]: Stopped (kafka.server.ClientQuotaManager$ThrottledChannelReaper)
[2025-11-15 00:58:47,672] INFO [controller-1-ThrottledChannelReaper-ControllerMutation]: Shutdown completed (kafka.server.ClientQuotaManager$ThrottledChannelReaper)
[2025-11-15 00:58:47,673] INFO [QuorumController id=1] closed event queue. (org.apache.kafka.queue.KafkaEventQueue)
[2025-11-15 00:58:47,677] INFO [SharedServer id=1] Stopping SharedServer (kafka.server.SharedServer)
[2025-11-15 00:58:47,678] INFO [MetadataLoader id=1] beginShutdown: shutting down event queue. (org.apache.kafka.queue.KafkaEventQueue)
[2025-11-15 00:58:47,679] INFO [SnapshotGenerator id=1] close: shutting down event queue. (org.apache.kafka.queue.KafkaEventQueue)
[2025-11-15 00:58:47,680] INFO [SnapshotGenerator id=1] closed event queue. (org.apache.kafka.queue.KafkaEventQueue)
[2025-11-15 00:58:47,681] INFO [MetadataLoader id=1] closed event queue. (org.apache.kafka.queue.KafkaEventQueue)
[2025-11-15 00:58:47,684] INFO [SnapshotGenerator id=1] closed event queue. (org.apache.kafka.queue.KafkaEventQueue)
[2025-11-15 00:58:47,689] INFO Metrics scheduler closed (org.apache.kafka.common.metrics.Metrics)
[2025-11-15 00:58:47,690] INFO Closing reporter org.apache.kafka.common.metrics.JmxReporter (org.apache.kafka.common.metrics.Metrics)
[2025-11-15 00:58:47,690] INFO Metrics reporters closed (org.apache.kafka.common.metrics.Metrics)
[2025-11-15 00:58:47,694] INFO App info kafka.server for 1 unregistered (org.apache.kafka.common.utils.AppInfoParser)
[2025-11-15 00:58:47,695] INFO App info kafka.server for 1 unregistered (org.apache.kafka.common.utils.AppInfoParser)
