[2025-11-15 00:58:45,748] INFO [Broker id=1] Transitioning 53 partition(s) to local followers. (state.change.logger)
[2025-11-15 00:58:45,767] INFO [Broker id=1] Follower __consumer_offsets-13 starts at leader epoch 11 from offset 0 with partition epoch 11 and high watermark 0. Current leader is -1. Previous leader Some(-1) and previous leader epoch was 11. (state.change.logger)
[2025-11-15 00:58:45,769] INFO [Broker id=1] Follower entrance_logs-0 starts at leader epoch 11 from offset 58 with partition epoch 11 and high watermark 58. Current leader is -1. Previous leader Some(-1) and previous leader epoch was 11. (state.change.logger)
[2025-11-15 00:58:45,770] INFO [Broker id=1] Follower __consumer_offsets-46 starts at leader epoch 11 from offset 159 with partition epoch 11 and high watermark 159. Current leader is -1. Previous leader Some(-1) and previous leader epoch was 11. (state.change.logger)
[2025-11-15 00:58:45,770] INFO [Broker id=1] Follower __consumer_offsets-9 starts at leader epoch 11 from offset 0 with partition epoch 11 and high watermark 0. Current leader is -1. Previous leader Some(-1) and previous leader epoch was 11. (state.change.logger)
[2025-11-15 00:58:45,770] INFO [Broker id=1] Follower __consumer_offsets-42 starts at leader epoch 11 from offset 0 with partition epoch 11 and high watermark 0. Current leader is -1. Previous leader Some(-1) and previous leader epoch was 11. (state.change.logger)
[2025-11-15 00:58:45,771] INFO [Broker id=1] Follower __consumer_offsets-21 starts at leader epoch 11 from offset 0 with partition epoch 11 and high watermark 0. Current leader is -1. Previous leader Some(-1) and previous leader epoch was 11. (state.change.logger)
[2025-11-15 00:58:45,771] INFO [Broker id=1] Follower __consumer_offsets-17 starts at leader epoch 11 from offset 0 with partition epoch 11 and high watermark 0. Current leader is -1. Previous leader Some(-1) and previous leader epoch was 11. (state.change.logger)
[2025-11-15 00:58:45,771] INFO [Broker id=1] Follower __consumer_offsets-30 starts at leader epoch 11 from offset 0 with partition epoch 11 and high watermark 0. Current leader is -1. Previous leader Some(-1) and previous leader epoch was 11. (state.change.logger)
[2025-11-15 00:58:45,771] INFO [Broker id=1] Follower attempt_logs-0 starts at leader epoch 9 from offset 78 with partition epoch 9 and high watermark 78. Current leader is -1. Previous leader Some(-1) and previous leader epoch was 9. (state.change.logger)
[2025-11-15 00:58:45,772] INFO [Broker id=1] Follower __consumer_offsets-26 starts at leader epoch 11 from offset 0 with partition epoch 11 and high watermark 0. Current leader is -1. Previous leader Some(-1) and previous leader epoch was 11. (state.change.logger)
[2025-11-15 00:58:45,772] INFO [Broker id=1] Follower __consumer_offsets-5 starts at leader epoch 11 from offset 0 with partition epoch 11 and high watermark 0. Current leader is -1. Previous leader Some(-1) and previous leader epoch was 11. (state.change.logger)
[2025-11-15 00:58:45,772] INFO [Broker id=1] Follower __consumer_offsets-38 starts at leader epoch 11 from offset 0 with partition epoch 11 and high watermark 0. Current leader is -1. Previous leader Some(-1) and previous leader epoch was 11. (state.change.logger)
[2025-11-15 00:58:45,773] INFO [Broker id=1] Follower __consumer_offsets-1 starts at leader epoch 11 from offset 0 with partition epoch 11 and high watermark 0. Current leader is -1. Previous leader Some(-1) and previous leader epoch was 11. (state.change.logger)
[2025-11-15 00:58:45,774] INFO [Broker id=1] Follower __consumer_offsets-34 starts at leader epoch 11 from offset 0 with partition epoch 11 and high watermark 0. Current leader is -1. Previous leader Some(-1) and previous leader epoch was 11. (state.change.logger)
[2025-11-15 00:58:45,775] INFO [Broker id=1] Follower __consumer_offsets-16 starts at leader epoch 11 from offset 0 with partition epoch 11 and high watermark 0. Current leader is -1. Previous leader Some(-1) and previous leader epoch was 11. (state.change.logger)
[2025-11-15 00:58:45,775] INFO [Broker id=1] Follower __consumer_offsets-45 starts at leader epoch 11 from offset 0 with partition epoch 11 and high watermark 0. Current leader is -1. Previous leader Some(-1) and previous leader epoch was 11. (state.change.logger)
[2025-11-15 00:58:45,775] INFO [Broker id=1] Follower __consumer_offsets-12 starts at leader epoch 11 from offset 0 with partition epoch 11 and high watermark 0. Current leader is -1. Previous leader Some(-1) and previous leader epoch was 11. (state.change.logger)
[2025-11-15 00:58:45,775] INFO [Broker id=1] Follower __consumer_offsets-41 starts at leader epoch 11 from offset 0 with partition epoch 11 and high watermark 0. Current leader is -1. Previous leader Some(-1) and previous leader epoch was 11. (state.change.logger)
[2025-11-15 00:58:45,775] INFO [Broker id=1] Follower __consumer_offsets-24 starts at leader epoch 11 from offset 0 with partition epoch 11 and high watermark 0. Current leader is -1. Previous leader Some(-1) and previous leader epoch was 11. (state.change.logger)
[2025-11-15 00:58:45,776] INFO [Broker id=1] Follower attempts_logs-0 starts at leader epoch 11 from offset 0 with partition epoch 11 and high watermark 0. Current leader is -1. Previous leader Some(-1) and previous leader epoch was 11. (state.change.logger)
[2025-11-15 00:58:45,776] INFO [Broker id=1] Follower __consumer_offsets-20 starts at leader epoch 11 from offset 0 with partition epoch 11 and high watermark 0. Current leader is -1. Previous leader Some(-1) and previous leader epoch was 11. (state.change.logger)
[2025-11-15 00:58:45,777] INFO [Broker id=1] Follower __consumer_offsets-49 starts at leader epoch 11 from offset 0 with partition epoch 11 and high watermark 0. Current leader is -1. Previous leader Some(-1) and previous leader epoch was 11. (state.change.logger)
[2025-11-15 00:58:45,777] INFO [Broker id=1] Follower __consumer_offsets-0 starts at leader epoch 11 from offset 0 with partition epoch 11 and high watermark 0. Current leader is -1. Previous leader Some(-1) and previous leader epoch was 11. (state.change.logger)
[2025-11-15 00:58:45,777] INFO [Broker id=1] Follower __consumer_offsets-29 starts at leader epoch 11 from offset 0 with partition epoch 11 and high watermark 0. Current leader is -1. Previous leader Some(-1) and previous leader epoch was 11. (state.change.logger)
[2025-11-15 00:58:45,777] INFO [Broker id=1] Follower __consumer_offsets-25 starts at leader epoch 11 from offset 0 with partition epoch 11 and high watermark 0. Current leader is -1. Previous leader Some(-1) and previous leader epoch was 11. (state.change.logger)
[2025-11-15 00:58:45,777] INFO [Broker id=1] Follower __consumer_offsets-8 starts at leader epoch 11 from offset 0 with partition epoch 11 and high watermark 0. Current leader is -1. Previous leader Some(-1) and previous leader epoch was 11. (state.change.logger)
[2025-11-15 00:58:45,778] INFO [Broker id=1] Follower __consumer_offsets-37 starts at leader epoch 11 from offset 0 with partition epoch 11 and high watermark 0. Current leader is -1. Previous leader Some(-1) and previous leader epoch was 11. (state.change.logger)
[2025-11-15 00:58:45,778] INFO [Broker id=1] Follower __consumer_offsets-4 starts at leader epoch 11 from offset 3 with partition epoch 11 and high watermark 3. Current leader is -1. Previous leader Some(-1) and previous leader epoch was 11. (state.change.logger)
[2025-11-15 00:58:45,778] INFO [Broker id=1] Follower __consumer_offsets-33 starts at leader epoch 11 from offset 0 with partition epoch 11 and high watermark 0. Current leader is -1. Previous leader Some(-1) and previous leader epoch was 11. (state.change.logger)
[2025-11-15 00:58:45,778] INFO [Broker id=1] Follower __consumer_offsets-15 starts at leader epoch 11 from offset 3 with partition epoch 11 and high watermark 3. Current leader is -1. Previous leader Some(-1) and previous leader epoch was 11. (state.change.logger)
[2025-11-15 00:58:45,779] INFO [Broker id=1] Follower __consumer_offsets-48 starts at leader epoch 11 from offset 0 with partition epoch 11 and high watermark 0. Current leader is -1. Previous leader Some(-1) and previous leader epoch was 11. (state.change.logger)
[2025-11-15 00:58:45,779] INFO [Broker id=1] Follower __consumer_offsets-11 starts at leader epoch 11 from offset 0 with partition epoch 11 and high watermark 0. Current leader is -1. Previous leader Some(-1) and previous leader epoch was 11. (state.change.logger)
[2025-11-15 00:58:45,779] INFO [Broker id=1] Follower __consumer_offsets-44 starts at leader epoch 11 from offset 0 with partition epoch 11 and high watermark 0. Current leader is -1. Previous leader Some(-1) and previous leader epoch was 11. (state.change.logger)
[2025-11-15 00:58:45,780] INFO [Broker id=1] Follower __consumer_offsets-23 starts at leader epoch 11 from offset 0 with partition epoch 11 and high watermark 0. Current leader is -1. Previous leader Some(-1) and previous leader epoch was 11. (state.change.logger)
[2025-11-15 00:58:45,780] INFO [Broker id=1] Follower __consumer_offsets-19 starts at leader epoch 11 from offset 0 with partition epoch 11 and high watermark 0. Current leader is -1. Previous leader Some(-1) and previous leader epoch was 11. (state.change.logger)
[2025-11-15 00:58:45,780] INFO [Broker id=1] Follower __consumer_offsets-32 starts at leader epoch 11 from offset 0 with partition epoch 11 and high watermark 0. Current leader is -1. Previous leader Some(-1) and previous leader epoch was 11. (state.change.logger)
[2025-11-15 00:58:45,781] INFO [Broker id=1] Follower __consumer_offsets-28 starts at leader epoch 11 from offset 0 with partition epoch 11 and high watermark 0. Current leader is -1. Previous leader Some(-1) and previous leader epoch was 11. (state.change.logger)
[2025-11-15 00:58:45,781] INFO [Broker id=1] Follower __consumer_offsets-7 starts at leader epoch 11 from offset 0 with partition epoch 11 and high watermark 0. Current leader is -1. Previous leader Some(-1) and previous leader epoch was 11. (state.change.logger)
[2025-11-15 00:58:45,781] INFO [Broker id=1] Follower __consumer_offsets-40 starts at leader epoch 11 from offset 0 with partition epoch 11 and high watermark 0. Current leader is -1. Previous leader Some(-1) and previous leader epoch was 11. (state.change.logger)
[2025-11-15 00:58:45,782] INFO [Broker id=1] Follower __consumer_offsets-3 starts at leader epoch 11 from offset 0 with partition epoch 11 and high watermark 0. Current leader is -1. Previous leader Some(-1) and previous leader epoch was 11. (state.change.logger)
[2025-11-15 00:58:45,782] INFO [Broker id=1] Follower __consumer_offsets-36 starts at leader epoch 11 from offset 0 with partition epoch 11 and high watermark 0. Current leader is -1. Previous leader Some(-1) and previous leader epoch was 11. (state.change.logger)
[2025-11-15 00:58:45,782] INFO [Broker id=1] Follower __consumer_offsets-47 starts at leader epoch 11 from offset 0 with partition epoch 11 and high watermark 0. Current leader is -1. Previous leader Some(-1) and previous leader epoch was 11. (state.change.logger)
[2025-11-15 00:58:45,783] INFO [Broker id=1] Follower __consumer_offsets-14 starts at leader epoch 11 from offset 0 with partition epoch 11 and high watermark 0. Current leader is -1. Previous leader Some(-1) and previous leader epoch was 11. (state.change.logger)
[2025-11-15 00:58:45,783] INFO [Broker id=1] Follower __consumer_offsets-43 starts at leader epoch 11 from offset 0 with partition epoch 11 and high watermark 0. Current leader is -1. Previous leader Some(-1) and previous leader epoch was 11. (state.change.logger)
[2025-11-15 00:58:45,783] INFO [Broker id=1] Follower __consumer_offsets-10 starts at leader epoch 11 from offset 0 with partition epoch 11 and high watermark 0. Current leader is -1. Previous leader Some(-1) and previous leader epoch was 11. (state.change.logger)
[2025-11-15 00:58:45,784] INFO [Broker id=1] Follower __consumer_offsets-22 starts at leader epoch 11 from offset 0 with partition epoch 11 and high watermark 0. Current leader is -1. Previous leader Some(-1) and previous leader epoch was 11. (state.change.logger)
[2025-11-15 00:58:45,784] INFO [Broker id=1] Follower __consumer_offsets-18 starts at leader epoch 11 from offset 0 with partition epoch 11 and high watermark 0. Current leader is -1. Previous leader Some(-1) and previous leader epoch was 11. (state.change.logger)
[2025-11-15 00:58:45,784] INFO [Broker id=1] Follower __consumer_offsets-31 starts at leader epoch 11 from offset 0 with partition epoch 11 and high watermark 0. Current leader is -1. Previous leader Some(-1) and previous leader epoch was 11. (state.change.logger)
[2025-11-15 00:58:45,784] INFO [Broker id=1] Follower __consumer_offsets-27 starts at leader epoch 11 from offset 0 with partition epoch 11 and high watermark 0. Current leader is -1. Previous leader Some(-1) and previous leader epoch was 11. (state.change.logger)
[2025-11-15 00:58:45,785] INFO [Broker id=1] Follower __consumer_offsets-39 starts at leader epoch 11 from offset 81 with partition epoch 11 and high watermark 81. Current leader is -1. Previous leader Some(-1) and previous leader epoch was 11. (state.change.logger)
[2025-11-15 00:58:45,785] INFO [Broker id=1] Follower __consumer_offsets-6 starts at leader epoch 11 from offset 0 with partition epoch 11 and high watermark 0. Current leader is -1. Previous leader Some(-1) and previous leader epoch was 11. (state.change.logger)
[2025-11-15 00:58:45,785] INFO [Broker id=1] Follower __consumer_offsets-35 starts at leader epoch 11 from offset 0 with partition epoch 11 and high watermark 0. Current leader is -1. Previous leader Some(-1) and previous leader epoch was 11. (state.change.logger)
[2025-11-15 00:58:45,785] INFO [Broker id=1] Follower __consumer_offsets-2 starts at leader epoch 11 from offset 0 with partition epoch 11 and high watermark 0. Current leader is -1. Previous leader Some(-1) and previous leader epoch was 11. (state.change.logger)
[2025-11-15 00:58:46,179] INFO [Broker id=1] Stopped fetchers as part of controlled shutdown for 53 partitions (state.change.logger)
